<?xml version="1.0" encoding="UTF-8"?>
<testng-results ignored="0" total="3" passed="3" failed="0" skipped="0">
  <reporter-output>
  </reporter-output>
  <suite started-at="2020-08-24T10:41:53 IST" name="Suite" finished-at="2020-08-24T10:42:58 IST" duration-ms="64534">
    <groups>
      <group name="regression">
        <method signature="MainTest.Search()[pri:0, instance:testCases.MainTest@5136d012]" name="Search" class="testCases.MainTest"/>
        <method signature="MainTest.filter()[pri:1, instance:testCases.MainTest@5136d012]" name="filter" class="testCases.MainTest"/>
        <method signature="MainTest.printDetails()[pri:2, instance:testCases.MainTest@5136d012]" name="printDetails" class="testCases.MainTest"/>
      </group> <!-- regression -->
      <group name="smoke">
        <method signature="MainTest.Search()[pri:0, instance:testCases.MainTest@5136d012]" name="Search" class="testCases.MainTest"/>
      </group> <!-- smoke -->
    </groups>
    <test started-at="2020-08-24T10:41:53 IST" name="Test" finished-at="2020-08-24T10:42:58 IST" duration-ms="64534">
      <class name="testCases.MainTest">
        <test-method is-config="true" signature="setupDriver()[pri:0, instance:testCases.MainTest@5136d012]" started-at="2020-08-24T10:41:53 IST" name="setupDriver" finished-at="2020-08-24T10:41:59 IST" duration-ms="5386" status="PASS">
          <reporter-output>
          </reporter-output>
        </test-method> <!-- setupDriver -->
        <test-method signature="Search()[pri:0, instance:testCases.MainTest@5136d012]" started-at="2020-08-24T10:41:59 IST" name="Search" finished-at="2020-08-24T10:42:21 IST" duration-ms="22395" status="PASS">
          <reporter-output>
          </reporter-output>
        </test-method> <!-- Search -->
        <test-method signature="filter()[pri:1, instance:testCases.MainTest@5136d012]" started-at="2020-08-24T10:42:21 IST" name="filter" finished-at="2020-08-24T10:42:36 IST" duration-ms="14632" status="PASS">
          <reporter-output>
          </reporter-output>
        </test-method> <!-- filter -->
        <test-method signature="printDetails()[pri:2, instance:testCases.MainTest@5136d012]" started-at="2020-08-24T10:42:36 IST" name="printDetails" finished-at="2020-08-24T10:42:51 IST" duration-ms="15039" status="PASS">
          <reporter-output>
          </reporter-output>
        </test-method> <!-- printDetails -->
        <test-method is-config="true" signature="closeBrowser()[pri:0, instance:testCases.MainTest@5136d012]" started-at="2020-08-24T10:42:51 IST" name="closeBrowser" finished-at="2020-08-24T10:42:58 IST" duration-ms="7033" status="PASS">
          <reporter-output>
          </reporter-output>
        </test-method> <!-- closeBrowser -->
      </class> <!-- testCases.MainTest -->
    </test> <!-- Test -->
  </suite> <!-- Suite -->
</testng-results>
